<?xml version="1.0" encoding="UTF-8"?>
<testsuite xmlns:xsi="http://www.w3.org/2001/XMLSchema-instance" xsi:noNamespaceSchemaLocation="https://maven.apache.org/surefire/maven-surefire-plugin/xsd/surefire-test-report.xsd" name="com.usa.federal.gov.ssa.SsnProjectApplicationTests" time="25.439" tests="1" errors="1" skipped="0" failures="0">
  <properties>
[...]
</properties>
  <testcase name="testSomething" classname="com.usa.federal.gov.ssa.SsnProjectApplicationTests" time="0.923">
    <error message="No value present" type="java.util.NoSuchElementException">java.util.NoSuchElementException: No value present
	at com.usa.federal.gov.ssa.SsnProjectApplicationTests.testSomething(SsnProjectApplicationTests.java:20)
</error>
    <system-out><![CDATA[15:54:45.969 [main] DEBUG org.springframework.test.context.junit4.SpringJUnit4ClassRunner - SpringJUnit4ClassRunner constructor called with [class com.usa.federal.gov.ssa.SsnProjectApplicationTests]
15:54:45.979 [main] DEBUG org.springframework.test.context.BootstrapUtils - Instantiating CacheAwareContextLoaderDelegate from class [org.springframework.test.context.cache.DefaultCacheAwareContextLoaderDelegate]
15:54:45.997 [main] DEBUG org.springframework.test.context.BootstrapUtils - Instantiating BootstrapContext using constructor [public org.springframework.test.context.support.DefaultBootstrapContext(java.lang.Class,org.springframework.test.context.CacheAwareContextLoaderDelegate)]
15:54:46.038 [main] DEBUG org.springframework.test.context.BootstrapUtils - Instantiating TestContextBootstrapper for test class [com.usa.federal.gov.ssa.SsnProjectApplicationTests] from class [org.springframework.boot.test.context.SpringBootTestContextBootstrapper]
15:54:46.060 [main] INFO org.springframework.boot.test.context.SpringBootTestContextBootstrapper - Neither @ContextConfiguration nor @ContextHierarchy found for test class [com.usa.federal.gov.ssa.SsnProjectApplicationTests], using SpringBootContextLoader
15:54:46.067 [main] DEBUG org.springframework.test.context.support.AbstractContextLoader - Did not detect default resource location for test class [com.usa.federal.gov.ssa.SsnProjectApplicationTests]: class path resource [com/usa/federal/gov/ssa/SsnProjectApplicationTests-context.xml] does not exist
15:54:46.069 [main] DEBUG org.springframework.test.context.support.AbstractContextLoader - Did not detect default resource location for test class [com.usa.federal.gov.ssa.SsnProjectApplicationTests]: class path resource [com/usa/federal/gov/ssa/SsnProjectApplicationTestsContext.groovy] does not exist
15:54:46.070 [main] INFO org.springframework.test.context.support.AbstractContextLoader - Could not detect default resource locations for test class [com.usa.federal.gov.ssa.SsnProjectApplicationTests]: no resource found for suffixes {-context.xml, Context.groovy}.
15:54:46.071 [main] INFO org.springframework.test.context.support.AnnotationConfigContextLoaderUtils - Could not detect default configuration classes for test class [com.usa.federal.gov.ssa.SsnProjectApplicationTests]: SsnProjectApplicationTests does not declare any static, non-private, non-final, nested classes annotated with @Configuration.
15:54:46.206 [main] DEBUG org.springframework.test.context.support.ActiveProfilesUtils - Could not find an 'annotation declaring class' for annotation type [org.springframework.test.context.ActiveProfiles] and class [com.usa.federal.gov.ssa.SsnProjectApplicationTests]
15:54:46.367 [main] DEBUG org.springframework.context.annotation.ClassPathScanningCandidateComponentProvider - Identified candidate component class: file [/home/laksh/Documents/SsnProject/SsnProject/target/classes/com/usa/federal/gov/ssa/SsnProjectApplication.class]
15:54:46.371 [main] INFO org.springframework.boot.test.context.SpringBootTestContextBootstrapper - Found @SpringBootConfiguration com.usa.federal.gov.ssa.SsnProjectApplication for test class com.usa.federal.gov.ssa.SsnProjectApplicationTests
15:54:46.628 [main] DEBUG org.springframework.boot.test.context.SpringBootTestContextBootstrapper - @TestExecutionListeners is not present for class [com.usa.federal.gov.ssa.SsnProjectApplicationTests]: using defaults.
15:54:46.629 [main] INFO org.springframework.boot.test.context.SpringBootTestContextBootstrapper - Loaded default TestExecutionListener class names from location [META-INF/spring.factories]: [org.springframework.boot.test.mock.mockito.MockitoTestExecutionListener, org.springframework.boot.test.mock.mockito.ResetMocksTestExecutionListener, org.springframework.boot.test.autoconfigure.restdocs.RestDocsTestExecutionListener, org.springframework.boot.test.autoconfigure.web.client.MockRestServiceServerResetTestExecutionListener, org.springframework.boot.test.autoconfigure.web.servlet.MockMvcPrintOnlyOnFailureTestExecutionListener, org.springframework.boot.test.autoconfigure.web.servlet.WebDriverTestExecutionListener, org.springframework.test.context.web.ServletTestExecutionListener, org.springframework.test.context.support.DirtiesContextBeforeModesTestExecutionListener, org.springframework.test.context.support.DependencyInjectionTestExecutionListener, org.springframework.test.context.support.DirtiesContextTestExecutionListener, org.springframework.test.context.transaction.TransactionalTestExecutionListener, org.springframework.test.context.jdbc.SqlScriptsTestExecutionListener]
15:54:46.661 [main] INFO org.springframework.boot.test.context.SpringBootTestContextBootstrapper - Using TestExecutionListeners: [org.springframework.test.context.web.ServletTestExecutionListener@27f981c6, org.springframework.test.context.support.DirtiesContextBeforeModesTestExecutionListener@1b11171f, org.springframework.boot.test.mock.mockito.MockitoTestExecutionListener@1151e434, org.springframework.boot.test.autoconfigure.SpringBootDependencyInjectionTestExecutionListener@2dc54ad4, org.springframework.test.context.support.DirtiesContextTestExecutionListener@4659191b, org.springframework.test.context.transaction.TransactionalTestExecutionListener@55634720, org.springframework.test.context.jdbc.SqlScriptsTestExecutionListener@4b0d79fc, org.springframework.boot.test.mock.mockito.ResetMocksTestExecutionListener@4c1909a3, org.springframework.boot.test.autoconfigure.restdocs.RestDocsTestExecutionListener@428640fa, org.springframework.boot.test.autoconfigure.web.client.MockRestServiceServerResetTestExecutionListener@d9345cd, org.springframework.boot.test.autoconfigure.web.servlet.MockMvcPrintOnlyOnFailureTestExecutionListener@2d710f1a, org.springframework.boot.test.autoconfigure.web.servlet.WebDriverTestExecutionListener@29215f06]
15:54:46.665 [main] DEBUG org.springframework.test.annotation.ProfileValueUtils - Retrieved @ProfileValueSourceConfiguration [null] for test class [com.usa.federal.gov.ssa.SsnProjectApplicationTests]
15:54:46.666 [main] DEBUG org.springframework.test.annotation.ProfileValueUtils - Retrieved ProfileValueSource type [class org.springframework.test.annotation.SystemProfileValueSource] for class [com.usa.federal.gov.ssa.SsnProjectApplicationTests]
15:54:46.669 [main] DEBUG org.springframework.test.annotation.ProfileValueUtils - Retrieved @ProfileValueSourceConfiguration [null] for test class [com.usa.federal.gov.ssa.SsnProjectApplicationTests]
15:54:46.669 [main] DEBUG org.springframework.test.annotation.ProfileValueUtils - Retrieved ProfileValueSource type [class org.springframework.test.annotation.SystemProfileValueSource] for class [com.usa.federal.gov.ssa.SsnProjectApplicationTests]
15:54:46.671 [main] DEBUG org.springframework.test.annotation.ProfileValueUtils - Retrieved @ProfileValueSourceConfiguration [null] for test class [com.usa.federal.gov.ssa.SsnProjectApplicationTests]
15:54:46.671 [main] DEBUG org.springframework.test.annotation.ProfileValueUtils - Retrieved ProfileValueSource type [class org.springframework.test.annotation.SystemProfileValueSource] for class [com.usa.federal.gov.ssa.SsnProjectApplicationTests]
15:54:46.681 [main] DEBUG org.springframework.test.context.support.AbstractDirtiesContextTestExecutionListener - Before test class: context [DefaultTestContext@4686afc2 testClass = SsnProjectApplicationTests, testInstance = [null], testMethod = [null], testException = [null], mergedContextConfiguration = [WebMergedContextConfiguration@1e0b4072 testClass = SsnProjectApplicationTests, locations = '{}', classes = '{class com.usa.federal.gov.ssa.SsnProjectApplication}', contextInitializerClasses = '[]', activeProfiles = '{}', propertySourceLocations = '{}', propertySourceProperties = '{org.springframework.boot.test.context.SpringBootTestContextBootstrapper=true}', contextCustomizers = set[org.springframework.boot.test.context.filter.ExcludeFilterContextCustomizer@1e730495, org.springframework.boot.test.json.DuplicateJsonObjectContextCustomizerFactory$DuplicateJsonObjectContextCustomizer@60704c, org.springframework.boot.test.mock.mockito.MockitoContextCustomizer@0, org.springframework.boot.test.web.client.TestRestTemplateContextCustomizer@12d4bf7e, org.springframework.boot.test.autoconfigure.properties.PropertyMappingContextCustomizer@0, org.springframework.boot.test.autoconfigure.web.servlet.WebDriverContextCustomizerFactory$Customizer@6dbb137d], resourceBasePath = 'src/main/webapp', contextLoader = 'org.springframework.boot.test.context.SpringBootContextLoader', parent = [null]], attributes = map['org.springframework.test.context.web.ServletTestExecutionListener.activateListener' -> true]], class annotated with @DirtiesContext [false] with mode [null].
15:54:46.685 [main] DEBUG org.springframework.test.annotation.ProfileValueUtils - Retrieved @ProfileValueSourceConfiguration [null] for test class [com.usa.federal.gov.ssa.SsnProjectApplicationTests]
15:54:46.685 [main] DEBUG org.springframework.test.annotation.ProfileValueUtils - Retrieved ProfileValueSource type [class org.springframework.test.annotation.SystemProfileValueSource] for class [com.usa.federal.gov.ssa.SsnProjectApplicationTests]
15:54:46.753 [main] DEBUG org.springframework.test.context.support.TestPropertySourceUtils - Adding inlined properties to environment: {spring.jmx.enabled=false, org.springframework.boot.test.context.SpringBootTestContextBootstrapper=true, server.port=-1}

  .   ____          _            __ _ _
 /\\ / ___'_ __ _ _(_)_ __  __ _ \ \ \ \
( ( )\___ | '_ | '_| | '_ \/ _` | \ \ \ \
 \\/  ___)| |_)| | | | | || (_| |  ) ) ) )
  '  |____| .__|_| |_|_| |_\__, | / / / /
 =========|_|==============|___/=/_/_/_/
 :: Spring Boot ::        (v2.1.5.RELEASE)

2019-06-18 15:54:47.681  INFO 7402 --- [           main] c.u.f.g.ssa.SsnProjectApplicationTests   : Starting SsnProjectApplicationTests on laksh-Compaq-15-Notebook-PC with PID 7402 (started by laksh in /home/laksh/Documents/SsnProject/SsnProject)
2019-06-18 15:54:47.683  INFO 7402 --- [           main] c.u.f.g.ssa.SsnProjectApplicationTests   : No active profile set, falling back to default profiles: default
2019-06-18 15:54:49.849  INFO 7402 --- [           main] .s.d.r.c.RepositoryConfigurationDelegate : Bootstrapping Spring Data repositories in DEFAULT mode.
2019-06-18 15:54:49.977  INFO 7402 --- [           main] .s.d.r.c.RepositoryConfigurationDelegate : Finished Spring Data repository scanning in 116ms. Found 2 repository interfaces.
2019-06-18 15:54:50.912  INFO 7402 --- [           main] trationDelegate$BeanPostProcessorChecker : Bean 'org.springframework.transaction.annotation.ProxyTransactionManagementConfiguration' of type [org.springframework.transaction.annotation.ProxyTransactionManagementConfiguration$$EnhancerBySpringCGLIB$$dd2e26df] is not eligible for getting processed by all BeanPostProcessors (for example: not eligible for auto-proxying)
2019-06-18 15:54:52.062  INFO 7402 --- [           main] com.zaxxer.hikari.HikariDataSource       : HikariPool-1 - Starting...
2019-06-18 15:54:52.079  WARN 7402 --- [           main] com.zaxxer.hikari.util.DriverDataSource  : Registered driver with driverClassName=oracle.jdbc.driver.OracleDriver was not found, trying direct instantiation.
2019-06-18 15:54:56.365  INFO 7402 --- [           main] com.zaxxer.hikari.pool.PoolBase          : HikariPool-1 - Driver does not support get/set network timeout for connections. (Receiver class oracle.jdbc.driver.T4CConnection does not define or inherit an implementation of the resolved method abstract getNetworkTimeout()I of interface java.sql.Connection.)
2019-06-18 15:54:56.374  INFO 7402 --- [           main] com.zaxxer.hikari.HikariDataSource       : HikariPool-1 - Start completed.
2019-06-18 15:54:56.781  INFO 7402 --- [           main] o.hibernate.jpa.internal.util.LogHelper  : HHH000204: Processing PersistenceUnitInfo [
	name: default
	...]
2019-06-18 15:54:57.174  INFO 7402 --- [           main] org.hibernate.Version                    : HHH000412: Hibernate Core {5.3.10.Final}
2019-06-18 15:54:57.191  INFO 7402 --- [           main] org.hibernate.cfg.Environment            : HHH000206: hibernate.properties not found
2019-06-18 15:54:57.853  INFO 7402 --- [           main] o.hibernate.annotations.common.Version   : HCANN000001: Hibernate Commons Annotations {5.0.4.Final}
2019-06-18 15:54:58.289  INFO 7402 --- [           main] org.hibernate.dialect.Dialect            : HHH000400: Using dialect: org.hibernate.dialect.Oracle12cDialect
2019-06-18 15:54:58.765  INFO 7402 --- [           main] org.hibernate.type.BasicTypeRegistry     : HHH000270: Type registration [byte[]] overrides previous : org.hibernate.type.BinaryType@5b3518e1
2019-06-18 15:54:58.765  INFO 7402 --- [           main] org.hibernate.type.BasicTypeRegistry     : HHH000270: Type registration [[B] overrides previous : org.hibernate.type.BinaryType@5b3518e1
2019-06-18 15:54:58.766  INFO 7402 --- [           main] org.hibernate.type.BasicTypeRegistry     : HHH000270: Type registration [Byte[]] overrides previous : org.hibernate.type.WrapperBinaryType@844e66d
2019-06-18 15:54:58.767  INFO 7402 --- [           main] org.hibernate.type.BasicTypeRegistry     : HHH000270: Type registration [[Ljava.lang.Byte;] overrides previous : org.hibernate.type.WrapperBinaryType@844e66d
2019-06-18 15:55:02.228  INFO 7402 --- [           main] j.LocalContainerEntityManagerFactoryBean : Initialized JPA EntityManagerFactory for persistence unit 'default'
2019-06-18 15:55:04.124  WARN 7402 --- [           main] aWebConfiguration$JpaWebMvcConfiguration : spring.jpa.open-in-view is enabled by default. Therefore, database queries may be performed during view rendering. Explicitly configure spring.jpa.open-in-view to disable this warning
2019-06-18 15:55:04.872  INFO 7402 --- [           main] pertySourcedRequestMappingHandlerMapping : Mapped URL path [/v2/api-docs] onto method [public org.springframework.http.ResponseEntity<springfox.documentation.spring.web.json.Json> springfox.documentation.swagger2.web.Swagger2Controller.getDocumentation(java.lang.String,javax.servlet.http.HttpServletRequest)]
2019-06-18 15:55:06.227  INFO 7402 --- [           main] o.s.s.concurrent.ThreadPoolTaskExecutor  : Initializing ExecutorService 'applicationTaskExecutor'
2019-06-18 15:55:07.989  INFO 7402 --- [           main] d.s.w.p.DocumentationPluginsBootstrapper : Context refreshed
2019-06-18 15:55:08.166  INFO 7402 --- [           main] d.s.w.p.DocumentationPluginsBootstrapper : Found 1 custom documentation plugin(s)
2019-06-18 15:55:08.344  INFO 7402 --- [           main] s.d.s.w.s.ApiListingReferenceScanner     : Scanning for api listing references
2019-06-18 15:55:09.569  INFO 7402 --- [           main] c.u.f.g.ssa.SsnProjectApplicationTests   : Started SsnProjectApplicationTests in 22.796 seconds (JVM running for 24.657)
Hibernate: select ssnmastere0_.ssn as ssn1_0_0_, ssnmastere0_.create_dt as create_dt2_0_0_, ssnmastere0_.dob as dob3_0_0_, ssnmastere0_.fname as fname4_0_0_, ssnmastere0_.gender as gender5_0_0_, ssnmastere0_.lname as lname6_0_0_, ssnmastere0_.phno as phno7_0_0_, ssnmastere0_.photopath as photopath8_0_0_, ssnmastere0_.state_name as state_name9_0_0_, ssnmastere0_.update_dt as update_dt10_0_0_ from ssn_master ssnmastere0_ where ssnmastere0_.ssn=?
]]></system-out>
  </testcase>
</testsuite>